2023-03-15 14:13:41.405 [main] INFO  calculator.Calculator - [FACTORIAL] - 5.0
2023-03-15 14:13:41.414 [main] INFO  calculator.Calculator - [RESULT - FACTORIAL] - 120.0
2023-03-15 14:15:25.946 [main] INFO  calculator.Calculator - [FACTORIAL] - 5.0
2023-03-15 14:15:25.956 [main] INFO  calculator.Calculator - [RESULT - FACTORIAL] - 120.0
2023-03-15 14:15:46.971 [main] INFO  calculator.Calculator - [SQ ROOT] - 5.0
2023-03-15 14:15:46.973 [main] INFO  calculator.Calculator - [RESULT - SQ ROOT] - 2.23606797749979
2023-03-15 14:15:59.455 [main] INFO  calculator.Calculator - [SQ ROOT] - 25.0
2023-03-15 14:15:59.456 [main] INFO  calculator.Calculator - [RESULT - SQ ROOT] - 5.0
2023-03-15 14:16:34.106 [main] INFO  calculator.Calculator - [FACTORIAL] - 6.0
2023-03-15 14:16:34.106 [main] INFO  calculator.Calculator - [RESULT - FACTORIAL] - 720.0
2023-03-15 14:24:14.477 [main] INFO  calculator.Calculator - [FACTORIAL] - 7.0
2023-03-15 14:24:14.486 [main] INFO  calculator.Calculator - [RESULT - FACTORIAL] - 5040.0
2023-03-19 15:02:57.013 [main] INFO  calculator.Calculator - NaturalLog-Number10.0
2023-03-19 15:02:57.016 [main] INFO  calculator.Calculator - Natural-Log2.302585092994046
2023-03-19 15:03:47.867 [main] INFO  calculator.Calculator - NaturalLog-Number20.0
2023-03-19 15:03:47.867 [main] INFO  calculator.Calculator - Natural-Log2.995732273553991
2023-03-19 15:06:10.414 [main] INFO  calculator.Calculator - [NATURAL LOG]10.0
2023-03-19 15:06:10.416 [main] INFO  calculator.Calculator - [RESULT - NATURAL LOG]2.302585092994046
2023-03-19 15:06:40.094 [main] INFO  calculator.Calculator - [NATURAL LOG]20.0
2023-03-19 15:06:40.094 [main] INFO  calculator.Calculator - [RESULT - NATURAL LOG]2.995732273553991
2023-03-19 15:06:58.710 [main] INFO  calculator.Calculator - [NATURAL LOG] -5.0
2023-03-19 15:06:58.713 [main] INFO  calculator.Calculator - [RESULT - NATURAL LOG] -1.6094379124341003
2023-03-19 15:12:18.512 [main] INFO  calculator.Calculator - [NATURAL LOG] - 2.4
2023-03-19 15:12:18.514 [main] INFO  calculator.Calculator - [RESULT - NATURAL LOG] - 0.8754687373538999
2023-03-19 15:12:18.514 [main] INFO  calculator.Calculator - [NATURAL LOG] - 2.1
2023-03-19 15:12:18.515 [main] INFO  calculator.Calculator - [RESULT - NATURAL LOG] - 0.7419373447293773
2023-03-19 15:12:36.795 [main] INFO  calculator.Calculator - [NATURAL LOG] - 1.0
2023-03-19 15:12:36.797 [main] INFO  calculator.Calculator - [RESULT - NATURAL LOG] - 0.0
2023-03-19 15:14:25.431 [main] INFO  calculator.Calculator - [NATURAL LOG] - 1.0
2023-03-19 15:14:25.433 [main] INFO  calculator.Calculator - [RESULT - NATURAL LOG] - 0.0
2023-03-19 15:14:33.920 [main] INFO  calculator.Calculator - [NATURAL LOG] - 1.0
2023-03-19 15:14:33.923 [main] INFO  calculator.Calculator - [RESULT - NATURAL LOG] - 0.0
2023-03-19 15:14:57.010 [main] INFO  calculator.Calculator - [FACTORIAL] - 5.0
2023-03-19 15:14:57.013 [main] INFO  calculator.Calculator - [RESULT - FACTORIAL] - 120.0
2023-03-19 15:15:02.614 [main] INFO  calculator.Calculator - [SQ ROOT] - 100.0
2023-03-19 15:15:02.614 [main] INFO  calculator.Calculator - [RESULT - SQ ROOT] - 10.0
2023-03-19 15:15:08.253 [main] INFO  calculator.Calculator - [NATURAL LOG] - 20.0
2023-03-19 15:15:08.253 [main] INFO  calculator.Calculator - [RESULT - NATURAL LOG] - 2.995732273553991
2023-03-19 15:15:17.389 [main] INFO  calculator.Calculator - [FACTORIAL] - -1.0
2023-03-19 15:15:17.389 [main] INFO  calculator.Calculator - [RESULT - FACTORIAL] - 1.0
2023-03-19 15:15:29.349 [main] INFO  calculator.Calculator - [SQ ROOT] - -1.0
2023-03-19 15:15:29.349 [main] INFO  calculator.Calculator - [RESULT - SQ ROOT] - NaN
2023-03-19 15:15:45.404 [main] INFO  calculator.Calculator - Invalid Input! Closing Application
2023-03-19 15:17:13.800 [main] INFO  calculator.Calculator - Invalid Input! Closing Application
2023-03-19 15:32:17.141 [main] INFO  calculator.Calculator - [SQ ROOT] - 16.0
2023-03-19 15:32:17.143 [main] INFO  calculator.Calculator - [RESULT - SQ ROOT] - 4.0
2023-03-19 15:32:17.143 [main] INFO  calculator.Calculator - [SQ ROOT] - 1.0
2023-03-19 15:32:17.143 [main] INFO  calculator.Calculator - [RESULT - SQ ROOT] - 1.0
2023-03-19 15:32:17.143 [main] INFO  calculator.Calculator - [SQ ROOT] - 81.0
2023-03-19 15:32:17.144 [main] INFO  calculator.Calculator - [RESULT - SQ ROOT] - 9.0
2023-03-19 15:32:17.144 [main] INFO  calculator.Calculator - [SQ ROOT] - 36.0
2023-03-19 15:32:17.144 [main] INFO  calculator.Calculator - [RESULT - SQ ROOT] - 6.0
2023-03-19 15:32:17.144 [main] INFO  calculator.Calculator - [SQ ROOT] - 3.0
2023-03-19 15:32:17.145 [main] INFO  calculator.Calculator - [RESULT - SQ ROOT] - 1.7320508075688772
2023-03-19 15:32:17.145 [main] INFO  calculator.Calculator - [SQ ROOT] - 4.0
2023-03-19 15:32:17.145 [main] INFO  calculator.Calculator - [RESULT - SQ ROOT] - 2.0
2023-03-19 15:32:17.145 [main] INFO  calculator.Calculator - [SQ ROOT] - 81.0
2023-03-19 15:32:17.145 [main] INFO  calculator.Calculator - [RESULT - SQ ROOT] - 9.0
2023-03-19 15:32:17.145 [main] INFO  calculator.Calculator - [SQ ROOT] - 36.0
2023-03-19 15:32:17.146 [main] INFO  calculator.Calculator - [RESULT - SQ ROOT] - 6.0
2023-03-19 15:32:17.146 [main] INFO  calculator.Calculator - [NATURAL LOG] - 1.0
2023-03-19 15:32:17.147 [main] INFO  calculator.Calculator - [RESULT - NATURAL LOG] - 0.0
2023-03-19 15:32:17.147 [main] INFO  calculator.Calculator - [NATURAL LOG] - 2.4
2023-03-19 15:32:17.147 [main] INFO  calculator.Calculator - [RESULT - NATURAL LOG] - 0.8754687373538999
2023-03-19 15:32:17.148 [main] INFO  calculator.Calculator - [NATURAL LOG] - 2.1
2023-03-19 15:32:17.148 [main] INFO  calculator.Calculator - [RESULT - NATURAL LOG] - 0.7419373447293773
2023-03-19 16:07:52.215 [main] INFO  calculator.Calculator - [POWER - 2.0 RAISED TO] 3.0
2023-03-19 16:07:52.219 [main] INFO  calculator.Calculator - [RESULT - POWER] - 8.0
2023-03-19 16:07:52.220 [main] INFO  calculator.Calculator - [POWER - 1.0 RAISED TO] 3.0
2023-03-19 16:07:52.220 [main] INFO  calculator.Calculator - [RESULT - POWER] - 1.0
2023-03-19 16:07:52.220 [main] INFO  calculator.Calculator - [POWER - 3.0 RAISED TO] 4.0
2023-03-19 16:07:52.220 [main] INFO  calculator.Calculator - [RESULT - POWER] - 81.0
2023-03-19 16:07:52.220 [main] INFO  calculator.Calculator - [POWER - 4.0 RAISED TO] 3.0
2023-03-19 16:07:52.221 [main] INFO  calculator.Calculator - [RESULT - POWER] - 64.0
2023-03-19 16:07:52.221 [main] INFO  calculator.Calculator - [POWER - 5.0 RAISED TO] 2.0
2023-03-19 16:07:52.221 [main] INFO  calculator.Calculator - [RESULT - POWER] - 25.0
2023-03-19 16:07:58.919 [main] INFO  calculator.Calculator - [POWER - 2.0 RAISED TO] 3.0
2023-03-19 16:07:58.924 [main] INFO  calculator.Calculator - [RESULT - POWER] - 8.0
2023-03-19 16:07:58.925 [main] INFO  calculator.Calculator - [POWER - 3.0 RAISED TO] 3.0
2023-03-19 16:07:58.925 [main] INFO  calculator.Calculator - [RESULT - POWER] - 27.0
2023-03-19 16:07:58.926 [main] INFO  calculator.Calculator - [POWER - 4.0 RAISED TO] 3.0
2023-03-19 16:07:58.926 [main] INFO  calculator.Calculator - [RESULT - POWER] - 64.0
2023-03-19 16:07:58.926 [main] INFO  calculator.Calculator - [POWER - 5.0 RAISED TO] 3.0
2023-03-19 16:07:58.926 [main] INFO  calculator.Calculator - [RESULT - POWER] - 125.0
2023-03-19 15:40:47.752 [main] INFO  calculator.Calculator - [POWER - 3.0 RAISED TO] 3.0
2023-03-19 15:40:47.755 [main] INFO  calculator.Calculator - [RESULT - POWER] - 27.0
2023-03-19 16:09:24.111 [main] INFO  calculator.Calculator - [POWER - 2.0 RAISED TO] 6.0
2023-03-19 16:09:24.114 [main] INFO  calculator.Calculator - [RESULT - POWER] - 64.0
2023-03-19 16:09:29.908 [main] INFO  calculator.Calculator - [FACTORIAL] - 5.0
2023-03-19 16:09:29.908 [main] INFO  calculator.Calculator - [RESULT - FACTORIAL] - 120.0
2023-03-19 16:09:38.387 [main] INFO  calculator.Calculator - [SQ ROOT] - 25.0
2023-03-19 16:09:38.387 [main] INFO  calculator.Calculator - [RESULT - SQ ROOT] - 5.0
2023-03-19 16:09:48.934 [main] INFO  calculator.Calculator - [NATURAL LOG] - 10.0
2023-03-19 16:09:48.935 [main] INFO  calculator.Calculator - [RESULT - NATURAL LOG] - 2.302585092994046
2023-03-19 16:10:58.752 [main] INFO  calculator.Calculator - [NATURAL LOG] - 10.0
2023-03-19 16:10:58.755 [main] INFO  calculator.Calculator - [RESULT - NATURAL LOG] - 2.302585092994046
